[2026-05-09T22:13:43Z] === ENRICH ITERATION 1 START | repo=console-rs/indicatif sha=4de2f604 ===
[2026-05-09T22:13:43Z] [iter=1] PHASE START: enrich repo=console-rs/indicatif sha=4de2f604 runlog=/home/runner/work/forx/forx/storage/aggregate/lsp/logs/4de2f604-enrich-iter-001.log output=/home/runner/work/forx/forx/storage/aggregate/lsp/4de2f604c3f5af5556db0a1d15e296102879c8d9.nq.gz
[2026-05-09T22:13:57Z] [iter=1] Step 1: Loading AST into disk-backed store mem_mb=77 MB
[2026-05-09T22:13:59Z] [iter=1] AST store loaded triples=314539 load_secs=2 mem_mb=528 MB
[2026-05-09T22:13:59Z] [iter=1] Step 2: Finding LSP targets mem_mb=528 MB
[2026-05-09T22:14:00Z] [iter=1] LSP targets found call_sites=3389 imports=119 extends=0 implements=48 secs=1
[2026-05-09T22:14:01Z] [iter=1] Step 2.7: Building position index (one-shot, shared across resolvers) mem_mb=528 MB
[2026-05-09T22:14:02Z] [iter=1] Position index built positions=20648 nodes_with_types=25613 secs=2 mem_mb=528 MB
[2026-05-09T22:14:02Z] [iter=1] Step 3: Starting LSP resolution mem_mb=528 MB already_completed_types=[] already_completed_files=0
[2026-05-09T22:14:02Z] [iter=1] Resolving target type target_type=call_site count=3389
[2026-05-09T22:14:15Z] [iter=1] HEARTBEAT target_type=call_site elapsed_min=0.5 files_done=0 resolved=0 errors=0 current=examples/multi-tree-ext.rs
[2026-05-09T22:14:45Z] [iter=1] HEARTBEAT target_type=call_site elapsed_min=1.0 files_done=2 resolved=29 errors=139 current=tests/render.rs
[2026-05-09T22:15:49Z] [iter=1] HEARTBEAT target_type=call_site elapsed_min=2.1 files_done=5 resolved=381 errors=665 current=src/state.rs
[2026-05-09T22:16:20Z] [iter=1] HEARTBEAT target_type=call_site elapsed_min=2.6 files_done=11 resolved=702 errors=916 current=examples/download.rs
[2026-05-09T22:16:56Z] [iter=1] HEARTBEAT target_type=call_site elapsed_min=3.2 files_done=17 resolved=978 errors=1214 current=examples/cargo.rs
[2026-05-09T22:17:08Z] [iter=1] Target type resolved target_type=call_site resolved=1037 errors=1312 secs=186 mem_mb=528 MB
[2026-05-09T22:17:08Z] [iter=1] Resolving target type target_type=import_statement count=119
[2026-05-09T22:17:21Z] [iter=1] Target type resolved target_type=import_statement resolved=111 errors=0 secs=13 mem_mb=528 MB
[2026-05-09T22:17:21Z] [iter=1] Resolving target type target_type=implements_clause count=48
[2026-05-09T22:17:33Z] [iter=1] HEARTBEAT target_type=implements_clause elapsed_min=3.8 files_done=1 resolved=6 errors=0 current=src/rayon.rs
[2026-05-09T22:17:34Z] [iter=1] Target type resolved target_type=implements_clause resolved=39 errors=0 secs=13 mem_mb=528 MB
[2026-05-09T22:17:46Z] [iter=1] Step 5: Writing final enrichment file triples=22432
[2026-05-09T22:17:46Z] [iter=1] Enrichment file written path=/home/runner/work/forx/forx/storage/aggregate/lsp/4de2f604c3f5af5556db0a1d15e296102879c8d9.nq.gz size_kb=394
[2026-05-09T22:17:46Z] [iter=1] PHASE END: enrich elapsed_s=243 elapsed_min=4.0 total_triples=22432
